[I 20:37:20.436 LabApp] The port 8888 is already in use, trying another port.
[W 20:37:20.438 LabApp] JupyterLab server extension not enabled, manually loading...
[I 20:37:20.833 LabApp] JupyterLab extension loaded from /home/t730/.local/lib/python3.6/site-packages/jupyterlab
[I 20:37:20.833 LabApp] JupyterLab application directory is /home/t730/.local/share/jupyter/lab
[I 20:37:21.253 LabApp] Serving notebooks from local directory: /home/t730/Documents/tensorflow-certificate
[I 20:37:21.253 LabApp] The Jupyter Notebook is running at:
[I 20:37:21.253 LabApp] http://localhost:8889/?token=f96b6636c0bcfa10d009b1a494909815b72cad71b16a0dc1
[I 20:37:21.253 LabApp]  or http://127.0.0.1:8889/?token=f96b6636c0bcfa10d009b1a494909815b72cad71b16a0dc1
[I 20:37:21.253 LabApp] Use Control-C to stop this server and shut down all kernels (twice to skip confirmation).
[C 20:37:21.260 LabApp] 
    
    To access the notebook, open this file in a browser:
        file:///home/t730/.local/share/jupyter/runtime/nbserver-10173-open.html
    Or copy and paste one of these URLs:
        http://localhost:8889/?token=f96b6636c0bcfa10d009b1a494909815b72cad71b16a0dc1
     or http://127.0.0.1:8889/?token=f96b6636c0bcfa10d009b1a494909815b72cad71b16a0dc1
[I 20:37:24.361 LabApp] Build is up to date
[W 20:37:36.870 LabApp] Notebook callbacks.ipynb is not trusted
[I 20:37:37.140 LabApp] Kernel started: a3c89bf6-5688-42ea-bad5-2ded00d4412c
[W 20:37:42.926 LabApp] Notebook handwritten_digit_recognition.ipynb is not trusted
[I 20:37:42.992 LabApp] Kernel started: cc54cfe0-3723-4d46-9efd-5660ad7fcbaf
2020-05-09 20:37:51.578881: I tensorflow/stream_executor/platform/default/dso_loader.cc:44] Successfully opened dynamic library libcuda.so.1
2020-05-09 20:37:51.611732: I tensorflow/stream_executor/cuda/cuda_gpu_executor.cc:1006] successful NUMA node read from SysFS had negative value (-1), but there must be at least one NUMA node, so returning NUMA node zero
2020-05-09 20:37:51.612192: I tensorflow/core/common_runtime/gpu/gpu_device.cc:1618] Found device 0 with properties: 
name: GeForce RTX 2070 major: 7 minor: 5 memoryClockRate(GHz): 1.62
pciBusID: 0000:01:00.0
2020-05-09 20:37:51.612286: I tensorflow/stream_executor/platform/default/dso_loader.cc:44] Successfully opened dynamic library libcudart.so.10.0
2020-05-09 20:37:51.613084: I tensorflow/stream_executor/platform/default/dso_loader.cc:44] Successfully opened dynamic library libcublas.so.10.0
2020-05-09 20:37:51.613915: I tensorflow/stream_executor/platform/default/dso_loader.cc:44] Successfully opened dynamic library libcufft.so.10.0
2020-05-09 20:37:51.614088: I tensorflow/stream_executor/platform/default/dso_loader.cc:44] Successfully opened dynamic library libcurand.so.10.0
2020-05-09 20:37:51.614840: I tensorflow/stream_executor/platform/default/dso_loader.cc:44] Successfully opened dynamic library libcusolver.so.10.0
2020-05-09 20:37:51.615462: I tensorflow/stream_executor/platform/default/dso_loader.cc:44] Successfully opened dynamic library libcusparse.so.10.0
2020-05-09 20:37:51.617435: I tensorflow/stream_executor/platform/default/dso_loader.cc:44] Successfully opened dynamic library libcudnn.so.7
2020-05-09 20:37:51.617492: I tensorflow/stream_executor/cuda/cuda_gpu_executor.cc:1006] successful NUMA node read from SysFS had negative value (-1), but there must be at least one NUMA node, so returning NUMA node zero
2020-05-09 20:37:51.617968: I tensorflow/stream_executor/cuda/cuda_gpu_executor.cc:1006] successful NUMA node read from SysFS had negative value (-1), but there must be at least one NUMA node, so returning NUMA node zero
2020-05-09 20:37:51.618371: I tensorflow/core/common_runtime/gpu/gpu_device.cc:1746] Adding visible gpu devices: 0
2020-05-09 20:37:51.619470: I tensorflow/core/platform/cpu_feature_guard.cc:142] Your CPU supports instructions that this TensorFlow binary was not compiled to use: AVX2 FMA
2020-05-09 20:37:51.639841: I tensorflow/core/platform/profile_utils/cpu_utils.cc:94] CPU Frequency: 3600000000 Hz
2020-05-09 20:37:51.640419: I tensorflow/compiler/xla/service/service.cc:168] XLA service 0x5183390 executing computations on platform Host. Devices:
2020-05-09 20:37:51.640452: I tensorflow/compiler/xla/service/service.cc:175]   StreamExecutor device (0): Host, Default Version
2020-05-09 20:37:51.699227: I tensorflow/stream_executor/cuda/cuda_gpu_executor.cc:1006] successful NUMA node read from SysFS had negative value (-1), but there must be at least one NUMA node, so returning NUMA node zero
2020-05-09 20:37:51.699614: I tensorflow/compiler/xla/service/service.cc:168] XLA service 0x5225e30 executing computations on platform CUDA. Devices:
2020-05-09 20:37:51.699642: I tensorflow/compiler/xla/service/service.cc:175]   StreamExecutor device (0): GeForce RTX 2070, Compute Capability 7.5
2020-05-09 20:37:51.699753: I tensorflow/stream_executor/cuda/cuda_gpu_executor.cc:1006] successful NUMA node read from SysFS had negative value (-1), but there must be at least one NUMA node, so returning NUMA node zero
2020-05-09 20:37:51.700020: I tensorflow/core/common_runtime/gpu/gpu_device.cc:1618] Found device 0 with properties: 
name: GeForce RTX 2070 major: 7 minor: 5 memoryClockRate(GHz): 1.62
pciBusID: 0000:01:00.0
2020-05-09 20:37:51.700045: I tensorflow/stream_executor/platform/default/dso_loader.cc:44] Successfully opened dynamic library libcudart.so.10.0
2020-05-09 20:37:51.700054: I tensorflow/stream_executor/platform/default/dso_loader.cc:44] Successfully opened dynamic library libcublas.so.10.0
2020-05-09 20:37:51.700061: I tensorflow/stream_executor/platform/default/dso_loader.cc:44] Successfully opened dynamic library libcufft.so.10.0
2020-05-09 20:37:51.700069: I tensorflow/stream_executor/platform/default/dso_loader.cc:44] Successfully opened dynamic library libcurand.so.10.0
2020-05-09 20:37:51.700076: I tensorflow/stream_executor/platform/default/dso_loader.cc:44] Successfully opened dynamic library libcusolver.so.10.0
2020-05-09 20:37:51.700083: I tensorflow/stream_executor/platform/default/dso_loader.cc:44] Successfully opened dynamic library libcusparse.so.10.0
2020-05-09 20:37:51.700091: I tensorflow/stream_executor/platform/default/dso_loader.cc:44] Successfully opened dynamic library libcudnn.so.7
2020-05-09 20:37:51.700119: I tensorflow/stream_executor/cuda/cuda_gpu_executor.cc:1006] successful NUMA node read from SysFS had negative value (-1), but there must be at least one NUMA node, so returning NUMA node zero
2020-05-09 20:37:51.700391: I tensorflow/stream_executor/cuda/cuda_gpu_executor.cc:1006] successful NUMA node read from SysFS had negative value (-1), but there must be at least one NUMA node, so returning NUMA node zero
2020-05-09 20:37:51.700642: I tensorflow/core/common_runtime/gpu/gpu_device.cc:1746] Adding visible gpu devices: 0
2020-05-09 20:37:51.700662: I tensorflow/stream_executor/platform/default/dso_loader.cc:44] Successfully opened dynamic library libcudart.so.10.0
2020-05-09 20:37:51.701231: I tensorflow/core/common_runtime/gpu/gpu_device.cc:1159] Device interconnect StreamExecutor with strength 1 edge matrix:
2020-05-09 20:37:51.701239: I tensorflow/core/common_runtime/gpu/gpu_device.cc:1165]      0 
2020-05-09 20:37:51.701243: I tensorflow/core/common_runtime/gpu/gpu_device.cc:1178] 0:   N 
2020-05-09 20:37:51.701302: I tensorflow/stream_executor/cuda/cuda_gpu_executor.cc:1006] successful NUMA node read from SysFS had negative value (-1), but there must be at least one NUMA node, so returning NUMA node zero
2020-05-09 20:37:51.701582: I tensorflow/stream_executor/cuda/cuda_gpu_executor.cc:1006] successful NUMA node read from SysFS had negative value (-1), but there must be at least one NUMA node, so returning NUMA node zero
2020-05-09 20:37:51.701843: W tensorflow/core/common_runtime/gpu/gpu_bfc_allocator.cc:39] Overriding allow_growth setting because the TF_FORCE_GPU_ALLOW_GROWTH environment variable is set. Original config value was 0.
2020-05-09 20:37:51.701860: I tensorflow/core/common_runtime/gpu/gpu_device.cc:1304] Created TensorFlow device (/job:localhost/replica:0/task:0/device:GPU:0 with 6361 MB memory) -> physical GPU (device: 0, name: GeForce RTX 2070, pci bus id: 0000:01:00.0, compute capability: 7.5)
2020-05-09 20:37:52.493263: I tensorflow/stream_executor/platform/default/dso_loader.cc:44] Successfully opened dynamic library libcublas.so.10.0
[I 20:38:00.520 LabApp] Kernel interrupted: cc54cfe0-3723-4d46-9efd-5660ad7fcbaf
[I 20:39:37.048 LabApp] Saving file at /callbacks.ipynb
[I 20:39:42.990 LabApp] Saving file at /handwritten_digit_recognition.ipynb
[W 22:03:53.011 LabApp] Notebook fashion_mnist_CNN.ipynb is not trusted
[I 22:03:53.262 LabApp] Kernel started: 04be0cf3-010a-449e-a9f1-d812353a0618
[I 22:05:53.166 LabApp] Saving file at /fashion_mnist_CNN.ipynb
[I 23:33:15.493 LabApp] Starting buffering for a3c89bf6-5688-42ea-bad5-2ded00d4412c:495c528c-129b-44d3-a3dd-8d163d3b709d
[I 23:33:15.493 LabApp] Starting buffering for cc54cfe0-3723-4d46-9efd-5660ad7fcbaf:2c5ba082-03bb-4006-8851-9c654528cd0d
[I 23:33:15.516 LabApp] Starting buffering for 04be0cf3-010a-449e-a9f1-d812353a0618:5599f7db-a023-487c-8980-a9b33bcc4aaf
